<?xml version="1.0" encoding="UTF-8"?>
<!-- Generated by org.testng.reporters.JUnitReportReporter -->
<testsuite hostname="LAPTOP-R6HH0JS3" failures="0" tests="3" name="test.Dynamicjson" time="3.104" errors="0" timestamp="2024-06-17T17:54:46 IST" skipped="0">
  <testcase classname="test.Dynamicjson" name="addbook" time="2.830"/>
  <system-out/>
  <testcase classname="test.Dynamicjson" name="addbook" time="0.143"/>
  <system-out/>
  <testcase classname="test.Dynamicjson" name="addbook" time="0.131"/>
  <system-out/>
</testsuite> <!-- test.Dynamicjson -->
